MotionCor 
Nu Intensity Correction 
Talairach 
Talairach Failure Detection 
Intensity Normalization 
Skull Stripping 
EM Registration 
CA Normalize 
CA Reg 
CA Reg 
Remove Neck 
SkullLTA
SubCort Seg 
Merge ASeg 
Intensity Normalization2 
Mask BFS 
WM Segmentation 
Fill 
Tessellate lh 
Smooth1 lh 
Inflation1 lh 
QSphere lh 
Fix Topology lh 
Make Final Surf lh 
Surf Volume lh 
Smooth2 lh 
Inflation2 lh 
Curvature Stats lh 
Sphere lh 
Surf Reg lh 
Jacobian white lh 
AvgCurv lh 
Cortical Parc lh 
Parcellation Stats lh 
Cortical Parc 2 lh 
Parcellation Stats 2 lh 
Tessellate rh 
Smooth1 rh 
Inflation1 rh 
QSphere rh 
Fix Topology rh 
Make Final Surf rh 
Surf Volume rh 
Smooth2 rh 
Inflation2 rh 
Curvature Stats rh 
Sphere rh 
Surf Reg rh 
Jacobian white rh 
AvgCurv rh 
Cortical Parc rh 
Parcellation Stats rh 
Cortical Parc 2 rh 
Parcellation Stats 2 rh 
ASeg Stats 
Cortical ribbon mask 
AParc-to-ASeg 
WMParc 
